# JRE version: Java(TM) SE Runtime Environment (8.0_144-b01) (build 1.8.0_144-b01)
# Java VM: Java HotSpot(TM) 64-Bit Server VM (25.144-b01 mixed mode bsd-amd64 compressed oops)
Heap:
 PSYoungGen      total 33280K, used 1615K [0x0000000795580000, 0x0000000797980000, 0x00000007c0000000)
  eden space 31744K, 1% used [0x0000000795580000,0x0000000795610c38,0x0000000797480000)
  from space 1536K, 67% used [0x0000000797680000,0x0000000797783250,0x0000000797800000)
  to   space 1536K, 0% used [0x0000000797800000,0x0000000797800000,0x0000000797980000)
 ParOldGen       total 87552K, used 2057K [0x0000000740000000, 0x0000000745580000, 0x0000000795580000)
  object space 87552K, 2% used [0x0000000740000000,0x0000000740202678,0x0000000745580000)
 Metaspace       used 10675K, capacity 10942K, committed 11136K, reserved 1058816K
  class space    used 1246K, capacity 1332K, committed 1408K, reserved 1048576K
GC Heap History (10 events):
Event: 134.648 GC heap before
{Heap before GC invocations=3 (full 0):
 PSYoungGen      total 38400K, used 35376K [0x0000000795580000, 0x0000000798000000, 0x00000007c0000000)
  eden space 33280K, 100% used [0x0000000795580000,0x0000000797600000,0x0000000797600000)
  from space 5120K, 40% used [0x0000000797b00000,0x0000000797d0c030,0x0000000798000000)
  to   space 5120K, 0% used [0x0000000797600000,0x0000000797600000,0x0000000797b00000)
 ParOldGen       total 87552K, used 24K [0x0000000740000000, 0x0000000745580000, 0x0000000795580000)
  object space 87552K, 0% used [0x0000000740000000,0x0000000740006000,0x0000000745580000)
 Metaspace       used 10581K, capacity 10878K, committed 11136K, reserved 1058816K
  class space    used 1244K, capacity 1332K, committed 1408K, reserved 1048576K
Event: 134.653 GC heap after
Heap after GC invocations=3 (full 0):
 PSYoungGen      total 38400K, used 2080K [0x0000000795580000, 0x0000000798000000, 0x00000007c0000000)
  eden space 33280K, 0% used [0x0000000795580000,0x0000000795580000,0x0000000797600000)
  from space 5120K, 40% used [0x0000000797600000,0x0000000797808020,0x0000000797b00000)
  to   space 5120K, 0% used [0x0000000797b00000,0x0000000797b00000,0x0000000798000000)
 ParOldGen       total 87552K, used 32K [0x0000000740000000, 0x0000000745580000, 0x0000000795580000)
  object space 87552K, 0% used [0x0000000740000000,0x0000000740008000,0x0000000745580000)
 Metaspace       used 10581K, capacity 10878K, committed 11136K, reserved 1058816K
  class space    used 1244K, capacity 1332K, committed 1408K, reserved 1048576K
}
Event: 192.021 GC heap before
{Heap before GC invocations=4 (full 0):
 PSYoungGen      total 38400K, used 35360K [0x0000000795580000, 0x0000000798000000, 0x00000007c0000000)
  eden space 33280K, 100% used [0x0000000795580000,0x0000000797600000,0x0000000797600000)
  from space 5120K, 40% used [0x0000000797600000,0x0000000797808020,0x0000000797b00000)
  to   space 5120K, 0% used [0x0000000797b00000,0x0000000797b00000,0x0000000798000000)
 ParOldGen       total 87552K, used 32K [0x0000000740000000, 0x0000000745580000, 0x0000000795580000)
  object space 87552K, 0% used [0x0000000740000000,0x0000000740008000,0x0000000745580000)
 Metaspace       used 10594K, capacity 10878K, committed 11136K, reserved 1058816K
  class space    used 1245K, capacity 1332K, committed 1408K, reserved 1048576K
Event: 192.027 GC heap after
Heap after GC invocations=4 (full 0):
 PSYoungGen      total 38400K, used 2064K [0x0000000795580000, 0x0000000798000000, 0x00000007c0000000)
  eden space 33280K, 0% used [0x0000000795580000,0x0000000795580000,0x0000000797600000)
  from space 5120K, 40% used [0x0000000797b00000,0x0000000797d04030,0x0000000798000000)
  to   space 5120K, 0% used [0x0000000797600000,0x0000000797600000,0x0000000797b00000)
 ParOldGen       total 87552K, used 40K [0x0000000740000000, 0x0000000745580000, 0x0000000795580000)
  object space 87552K, 0% used [0x0000000740000000,0x000000074000a000,0x0000000745580000)
 Metaspace       used 10594K, capacity 10878K, committed 11136K, reserved 1058816K
  class space    used 1245K, capacity 1332K, committed 1408K, reserved 1048576K
}
Event: 249.413 GC heap before
{Heap before GC invocations=5 (full 0):
 PSYoungGen      total 38400K, used 35344K [0x0000000795580000, 0x0000000798000000, 0x00000007c0000000)
  eden space 33280K, 100% used [0x0000000795580000,0x0000000797600000,0x0000000797600000)
  from space 5120K, 40% used [0x0000000797b00000,0x0000000797d04030,0x0000000798000000)
  to   space 5120K, 0% used [0x0000000797600000,0x0000000797600000,0x0000000797b00000)
 ParOldGen       total 87552K, used 40K [0x0000000740000000, 0x0000000745580000, 0x0000000795580000)
  object space 87552K, 0% used [0x0000000740000000,0x000000074000a000,0x0000000745580000)
 Metaspace       used 10626K, capacity 10942K, committed 11136K, reserved 1058816K
  class space    used 1245K, capacity 1332K, committed 1408K, reserved 1048576K
Event: 249.419 GC heap after
Heap after GC invocations=5 (full 0):
 PSYoungGen      total 35328K, used 2064K [0x0000000795580000, 0x0000000797b80000, 0x00000007c0000000)
  eden space 32768K, 0% used [0x0000000795580000,0x0000000795580000,0x0000000797580000)
  from space 2560K, 80% used [0x0000000797600000,0x0000000797804010,0x0000000797880000)
  to   space 2560K, 0% used [0x0000000797900000,0x0000000797900000,0x0000000797b80000)
 ParOldGen       total 87552K, used 48K [0x0000000740000000, 0x0000000745580000, 0x0000000795580000)
  object space 87552K, 0% used [0x0000000740000000,0x000000074000c000,0x0000000745580000)
 Metaspace       used 10626K, capacity 10942K, committed 11136K, reserved 1058816K
  class space    used 1245K, capacity 1332K, committed 1408K, reserved 1048576K
}
Event: 306.221 GC heap before
{Heap before GC invocations=6 (full 0):
 PSYoungGen      total 35328K, used 34832K [0x0000000795580000, 0x0000000797b80000, 0x00000007c0000000)
  eden space 32768K, 100% used [0x0000000795580000,0x0000000797580000,0x0000000797580000)
  from space 2560K, 80% used [0x0000000797600000,0x0000000797804010,0x0000000797880000)
  to   space 2560K, 0% used [0x0000000797900000,0x0000000797900000,0x0000000797b80000)
 ParOldGen       total 87552K, used 48K [0x0000000740000000, 0x0000000745580000, 0x0000000795580000)
  object space 87552K, 0% used [0x0000000740000000,0x000000074000c000,0x0000000745580000)
 Metaspace       used 10662K, capacity 10942K, committed 11136K, reserved 1058816K
  class space    used 1245K, capacity 1332K, committed 1408K, reserved 1048576K
Event: 306.225 GC heap after
Heap after GC invocations=6 (full 0):
 PSYoungGen      total 34816K, used 2064K [0x0000000795580000, 0x0000000797b80000, 0x00000007c0000000)
  eden space 32256K, 0% used [0x0000000795580000,0x0000000795580000,0x0000000797500000)
  from space 2560K, 80% used [0x0000000797900000,0x0000000797b04030,0x0000000797b80000)
  to   space 2560K, 0% used [0x0000000797680000,0x0000000797680000,0x0000000797900000)
 ParOldGen       total 87552K, used 56K [0x0000000740000000, 0x0000000745580000, 0x0000000795580000)
  object space 87552K, 0% used [0x0000000740000000,0x000000074000e000,0x0000000745580000)
 Metaspace       used 10662K, capacity 10942K, committed 11136K, reserved 1058816K
  class space    used 1245K, capacity 1332K, committed 1408K, reserved 1048576K
}
Event: 329.864 GC heap before
{Heap before GC invocations=7 (full 0):
 PSYoungGen      total 34816K, used 34320K [0x0000000795580000, 0x0000000797b80000, 0x00000007c0000000)
  eden space 32256K, 100% used [0x0000000795580000,0x0000000797500000,0x0000000797500000)
  from space 2560K, 80% used [0x0000000797900000,0x0000000797b04030,0x0000000797b80000)
  to   space 2560K, 0% used [0x0000000797680000,0x0000000797680000,0x0000000797900000)
 ParOldGen       total 87552K, used 56K [0x0000000740000000, 0x0000000745580000, 0x0000000795580000)
  object space 87552K, 0% used [0x0000000740000000,0x000000074000e000,0x0000000745580000)
 Metaspace       used 10675K, capacity 10942K, committed 11136K, reserved 1058816K
  class space    used 1246K, capacity 1332K, committed 1408K, reserved 1048576K
Event: 329.868 GC heap after
Heap after GC invocations=7 (full 0):
 PSYoungGen      total 33280K, used 1036K [0x0000000795580000, 0x0000000797980000, 0x00000007c0000000)
  eden space 31744K, 0% used [0x0000000795580000,0x0000000795580000,0x0000000797480000)
  from space 1536K, 67% used [0x0000000797680000,0x0000000797783250,0x0000000797800000)
  to   space 1536K, 0% used [0x0000000797800000,0x0000000797800000,0x0000000797980000)
 ParOldGen       total 87552K, used 2057K [0x0000000740000000, 0x0000000745580000, 0x0000000795580000)
  object space 87552K, 2% used [0x0000000740000000,0x0000000740202678,0x0000000745580000)
 Metaspace       used 10675K, capacity 10942K, committed 11136K, reserved 1058816K
  class space    used 1246K, capacity 1332K, committed 1408K, reserved 1048576K
}

