# JRE version: Java(TM) SE Runtime Environment (8.0_144-b01) (build 1.8.0_144-b01)
# Java VM: Java HotSpot(TM) 64-Bit Server VM (25.144-b01 mixed mode bsd-amd64 compressed oops)
Heap:
 PSYoungGen      total 34816K, used 2815K [0x0000000795580000, 0x0000000797b80000, 0x00000007c0000000)
  eden space 32256K, 1% used [0x0000000795580000,0x00000007955fbc28,0x0000000797500000)
  from space 2560K, 90% used [0x0000000797900000,0x0000000797b44010,0x0000000797b80000)
  to   space 2560K, 0% used [0x0000000797680000,0x0000000797680000,0x0000000797900000)
 ParOldGen       total 87552K, used 48K [0x0000000740000000, 0x0000000745580000, 0x0000000795580000)
  object space 87552K, 0% used [0x0000000740000000,0x000000074000c000,0x0000000745580000)
 Metaspace       used 10824K, capacity 11134K, committed 11392K, reserved 1058816K
  class space    used 1250K, capacity 1332K, committed 1408K, reserved 1048576K
GC Heap History (10 events):
Event: 17.177 GC heap before
{Heap before GC invocations=2 (full 0):
 PSYoungGen      total 38400K, used 35776K [0x0000000795580000, 0x0000000798000000, 0x00000007c0000000)
  eden space 33280K, 100% used [0x0000000795580000,0x0000000797600000,0x0000000797600000)
  from space 5120K, 48% used [0x0000000797600000,0x0000000797870000,0x0000000797b00000)
  to   space 5120K, 0% used [0x0000000797b00000,0x0000000797b00000,0x0000000798000000)
 ParOldGen       total 87552K, used 8K [0x0000000740000000, 0x0000000745580000, 0x0000000795580000)
  object space 87552K, 0% used [0x0000000740000000,0x0000000740002000,0x0000000745580000)
 Metaspace       used 10581K, capacity 10870K, committed 11136K, reserved 1058816K
  class space    used 1248K, capacity 1332K, committed 1408K, reserved 1048576K
Event: 17.181 GC heap after
Heap after GC invocations=2 (full 0):
 PSYoungGen      total 38400K, used 2288K [0x0000000795580000, 0x0000000798000000, 0x00000007c0000000)
  eden space 33280K, 0% used [0x0000000795580000,0x0000000795580000,0x0000000797600000)
  from space 5120K, 44% used [0x0000000797b00000,0x0000000797d3c010,0x0000000798000000)
  to   space 5120K, 0% used [0x0000000797600000,0x0000000797600000,0x0000000797b00000)
 ParOldGen       total 87552K, used 16K [0x0000000740000000, 0x0000000745580000, 0x0000000795580000)
  object space 87552K, 0% used [0x0000000740000000,0x0000000740004000,0x0000000745580000)
 Metaspace       used 10581K, capacity 10870K, committed 11136K, reserved 1058816K
  class space    used 1248K, capacity 1332K, committed 1408K, reserved 1048576K
}
Event: 27.364 GC heap before
{Heap before GC invocations=3 (full 0):
 PSYoungGen      total 38400K, used 35568K [0x0000000795580000, 0x0000000798000000, 0x00000007c0000000)
  eden space 33280K, 100% used [0x0000000795580000,0x0000000797600000,0x0000000797600000)
  from space 5120K, 44% used [0x0000000797b00000,0x0000000797d3c010,0x0000000798000000)
  to   space 5120K, 0% used [0x0000000797600000,0x0000000797600000,0x0000000797b00000)
 ParOldGen       total 87552K, used 16K [0x0000000740000000, 0x0000000745580000, 0x0000000795580000)
  object space 87552K, 0% used [0x0000000740000000,0x0000000740004000,0x0000000745580000)
 Metaspace       used 10654K, capacity 10934K, committed 11136K, reserved 1058816K
  class space    used 1248K, capacity 1332K, committed 1408K, reserved 1048576K
Event: 27.370 GC heap after
Heap after GC invocations=3 (full 0):
 PSYoungGen      total 38400K, used 2320K [0x0000000795580000, 0x0000000798000000, 0x00000007c0000000)
  eden space 33280K, 0% used [0x0000000795580000,0x0000000795580000,0x0000000797600000)
  from space 5120K, 45% used [0x0000000797600000,0x0000000797844010,0x0000000797b00000)
  to   space 5120K, 0% used [0x0000000797b00000,0x0000000797b00000,0x0000000798000000)
 ParOldGen       total 87552K, used 24K [0x0000000740000000, 0x0000000745580000, 0x0000000795580000)
  object space 87552K, 0% used [0x0000000740000000,0x0000000740006000,0x0000000745580000)
 Metaspace       used 10654K, capacity 10934K, committed 11136K, reserved 1058816K
  class space    used 1248K, capacity 1332K, committed 1408K, reserved 1048576K
}
Event: 38.190 GC heap before
{Heap before GC invocations=4 (full 0):
 PSYoungGen      total 38400K, used 35600K [0x0000000795580000, 0x0000000798000000, 0x00000007c0000000)
  eden space 33280K, 100% used [0x0000000795580000,0x0000000797600000,0x0000000797600000)
  from space 5120K, 45% used [0x0000000797600000,0x0000000797844010,0x0000000797b00000)
  to   space 5120K, 0% used [0x0000000797b00000,0x0000000797b00000,0x0000000798000000)
 ParOldGen       total 87552K, used 24K [0x0000000740000000, 0x0000000745580000, 0x0000000795580000)
  object space 87552K, 0% used [0x0000000740000000,0x0000000740006000,0x0000000745580000)
 Metaspace       used 10724K, capacity 11006K, committed 11136K, reserved 1058816K
  class space    used 1248K, capacity 1332K, committed 1408K, reserved 1048576K
Event: 38.200 GC heap after
Heap after GC invocations=4 (full 0):
 PSYoungGen      total 38400K, used 2304K [0x0000000795580000, 0x0000000798000000, 0x00000007c0000000)
  eden space 33280K, 0% used [0x0000000795580000,0x0000000795580000,0x0000000797600000)
  from space 5120K, 45% used [0x0000000797b00000,0x0000000797d40020,0x0000000798000000)
  to   space 5120K, 0% used [0x0000000797600000,0x0000000797600000,0x0000000797b00000)
 ParOldGen       total 87552K, used 32K [0x0000000740000000, 0x0000000745580000, 0x0000000795580000)
  object space 87552K, 0% used [0x0000000740000000,0x0000000740008000,0x0000000745580000)
 Metaspace       used 10724K, capacity 11006K, committed 11136K, reserved 1058816K
  class space    used 1248K, capacity 1332K, committed 1408K, reserved 1048576K
}
Event: 49.037 GC heap before
{Heap before GC invocations=5 (full 0):
 PSYoungGen      total 38400K, used 35584K [0x0000000795580000, 0x0000000798000000, 0x00000007c0000000)
  eden space 33280K, 100% used [0x0000000795580000,0x0000000797600000,0x0000000797600000)
  from space 5120K, 45% used [0x0000000797b00000,0x0000000797d40020,0x0000000798000000)
  to   space 5120K, 0% used [0x0000000797600000,0x0000000797600000,0x0000000797b00000)
 ParOldGen       total 87552K, used 32K [0x0000000740000000, 0x0000000745580000, 0x0000000795580000)
  object space 87552K, 0% used [0x0000000740000000,0x0000000740008000,0x0000000745580000)
 Metaspace       used 10791K, capacity 11070K, committed 11392K, reserved 1058816K
  class space    used 1248K, capacity 1332K, committed 1408K, reserved 1048576K
Event: 49.040 GC heap after
Heap after GC invocations=5 (full 0):
 PSYoungGen      total 35328K, used 2352K [0x0000000795580000, 0x0000000797b80000, 0x00000007c0000000)
  eden space 32768K, 0% used [0x0000000795580000,0x0000000795580000,0x0000000797580000)
  from space 2560K, 91% used [0x0000000797600000,0x000000079784c010,0x0000000797880000)
  to   space 2560K, 0% used [0x0000000797900000,0x0000000797900000,0x0000000797b80000)
 ParOldGen       total 87552K, used 40K [0x0000000740000000, 0x0000000745580000, 0x0000000795580000)
  object space 87552K, 0% used [0x0000000740000000,0x000000074000a000,0x0000000745580000)
 Metaspace       used 10791K, capacity 11070K, committed 11392K, reserved 1058816K
  class space    used 1248K, capacity 1332K, committed 1408K, reserved 1048576K
}
Event: 58.958 GC heap before
{Heap before GC invocations=6 (full 0):
 PSYoungGen      total 35328K, used 35120K [0x0000000795580000, 0x0000000797b80000, 0x00000007c0000000)
  eden space 32768K, 100% used [0x0000000795580000,0x0000000797580000,0x0000000797580000)
  from space 2560K, 91% used [0x0000000797600000,0x000000079784c010,0x0000000797880000)
  to   space 2560K, 0% used [0x0000000797900000,0x0000000797900000,0x0000000797b80000)
 ParOldGen       total 87552K, used 40K [0x0000000740000000, 0x0000000745580000, 0x0000000795580000)
  object space 87552K, 0% used [0x0000000740000000,0x000000074000a000,0x0000000745580000)
 Metaspace       used 10823K, capacity 11134K, committed 11392K, reserved 1058816K
  class space    used 1250K, capacity 1332K, committed 1408K, reserved 1048576K
Event: 58.964 GC heap after
Heap after GC invocations=6 (full 0):
 PSYoungGen      total 34816K, used 2320K [0x0000000795580000, 0x0000000797b80000, 0x00000007c0000000)
  eden space 32256K, 0% used [0x0000000795580000,0x0000000795580000,0x0000000797500000)
  from space 2560K, 90% used [0x0000000797900000,0x0000000797b44010,0x0000000797b80000)
  to   space 2560K, 0% used [0x0000000797680000,0x0000000797680000,0x0000000797900000)
 ParOldGen       total 87552K, used 48K [0x0000000740000000, 0x0000000745580000, 0x0000000795580000)
  object space 87552K, 0% used [0x0000000740000000,0x000000074000c000,0x0000000745580000)
 Metaspace       used 10823K, capacity 11134K, committed 11392K, reserved 1058816K
  class space    used 1250K, capacity 1332K, committed 1408K, reserved 1048576K
}

